432.059538364,144.019846121,1651,1518157085.31,
432.059538364,144.019846121,1651,1518157085.41,
432.059538364,144.019846121,1651,1518157085.52,
432.059538364,144.019846121,1651,1518157085.62,
432.059538364,144.019846121,1651,1518157085.72,
432.059538364,144.019846121,1651,1518157085.82,
432.059538364,144.019846121,1651,1518157085.92,
432.059538364,144.019846121,1651,1518157086.02,
432.059538364,144.019846121,1651,1518157086.12,
432.059538364,144.019846121,1651,1518157086.22,
432.660603523,144.019846121,1651,1518157086.44,
432.660603523,144.019846121,1651,1518157086.46,
432.660603523,144.019846121,1651,1518157086.56,
432.660603523,144.019846121,1651,1518157086.66,
432.660603523,144.019846121,1651,1518157086.76,
432.660603523,144.019846121,1651,1518157086.86,
432.660603523,144.019846121,1651,1518157086.96,
432.660603523,144.019846121,1651,1518157087.06,
432.660603523,144.019846121,1651,1518157087.16,
432.660603523,144.019846121,1651,1518157087.26,
432.660603523,144.019846121,1651,1518157087.36,
432.660603523,144.019846121,1651,1518157087.46,
432.660603523,144.019846121,1651,1518157087.56,
432.660603523,144.019846121,1651,1518157087.66,
432.660603523,144.019846121,1651,1518157087.76,
432.660603523,144.019846121,1651,1518157087.86,
432.660603523,144.019846121,1651,1518157087.96,
432.660603523,144.019846121,1651,1518157088.06,
432.660603523,144.019846121,1651,1518157088.16,
432.660603523,144.019846121,1651,1518157088.26,
432.660603523,144.019846121,1651,1518157088.37,
432.660603523,144.019846121,1651,1518157088.47,
432.660603523,144.019846121,1651,1518157088.49,
432.660603523,144.019846121,1651,1518157088.59,
432.660603523,144.019846121,1651,1518157088.7,
432.660603523,144.019846121,1651,1518157088.8,
432.660603523,144.019846121,1651,1518157088.9,
432.660603523,144.019846121,1651,1518157089.0,
432.660603523,144.019846121,1651,1518157089.1,
432.660603523,144.019846121,1651,1518157089.15,
432.660603523,144.019846121,1651,1518157089.25,
432.660603523,144.019846121,1651,1518157089.35,
432.660603523,144.019846121,1651,1518157089.45,
432.660603523,144.019846121,1651,1518157089.55,
432.660603523,144.019846121,1651,1518157089.65,
432.660603523,144.019846121,1651,1518157089.66,
432.660603523,144.019846121,1651,1518157089.68,
432.660603523,144.019846121,1651,1518157089.72,
432.660603523,144.019846121,1651,1518157089.76,
432.660603523,144.019846121,1651,1518157089.79,
432.660603523,144.019846121,1651,1518157089.83,
432.660603523,144.019846121,1651,1518157089.86,
432.660603523,144.019846121,1651,1518157089.88,
432.660603523,144.019846121,1651,1518157089.91,
432.660603523,144.019846121,1651,1518157090.01,
432.660603523,144.019846121,1651,1518157090.03,
432.660603523,144.019846121,1651,1518157090.13,
432.660603523,144.019846121,1651,1518157090.2,
432.660603523,144.019846121,1651,1518157090.3,
432.660603523,144.019846121,1651,1518157090.39,
432.660603523,144.019846121,1651,1518157090.49,
432.660603523,144.019846121,1651,1518157090.58,
432.660603523,144.019846121,1651,1518157090.68,
432.660603523,144.019846121,1651,1518157090.75,
432.660603523,144.019846121,1651,1518157090.85,
432.660603523,144.019846121,1651,1518157090.92,
432.660603523,144.019846121,1651,1518157091.02,
432.660603523,144.019846121,1651,1518157091.07,
432.660603523,144.019846121,1651,1518157091.17,
432.660603523,144.019846121,1651,1518157091.27,
432.660603523,144.019846121,1651,1518157091.37,
432.660603523,144.019846121,1651,1518157091.47,
432.660603523,144.019846121,1651,1518157091.56,
432.660603523,144.019846121,1651,1518157091.6,
432.660603523,144.019846121,1651,1518157091.62,
432.660603523,144.019846121,1651,1518157091.65,
432.660603523,144.019846121,1651,1518157091.7,
432.660603523,144.019846121,1651,1518157091.73,
432.660603523,144.019846121,1651,1518157091.76,
432.660603523,144.019846121,1651,1518157091.79,
432.660603523,144.019846121,1651,1518157091.83,
432.660603523,144.019846121,1651,1518157091.85,
432.660603523,144.019846121,1651,1518157091.88,
432.660603523,144.019846121,1651,1518157091.92,
432.660603523,144.019846121,1651,1518157091.95,
432.660603523,144.019846121,1651,1518157091.98,
432.660603523,144.019846121,1651,1518157092.02,
432.660603523,144.019846121,1651,1518157092.05,
432.660603523,144.019846121,1651,1518157092.09,
432.660603523,144.019846121,1651,1518157092.11,
432.660603523,144.019846121,1651,1518157092.15,
432.660603523,144.019846121,1651,1518157092.2,
432.660603523,144.019846121,1651,1518157092.22,
432.660603523,144.019846121,1651,1518157092.27,
432.660603523,144.019846121,1651,1518157092.28,
432.660603523,144.019846121,1651,1518157092.31,
432.660603523,144.019846121,1651,1518157092.34,
432.660603523,144.019846121,1651,1518157092.39,
432.660603523,144.019846121,1651,1518157092.42,
432.660603523,144.019846121,1651,1518157092.44,
432.660603523,144.019846121,1651,1518157092.48,
432.660603523,144.019846121,1651,1518157092.51,
432.660603523,144.019846121,1651,1518157092.55,
432.660603523,144.019846121,1651,1518157092.59,
432.660603523,144.019846121,1651,1518157092.62,
432.660603523,144.019846121,1651,1518157092.65,
432.660603523,144.019846121,1651,1518157092.68,
432.660603523,144.019846121,1651,1518157092.72,
432.660603523,144.019846121,1651,1518157092.74,
432.660603523,144.019846121,1651,1518157092.77,
432.660603523,144.019846121,1651,1518157092.84,
432.660603523,144.019846121,1651,1518157092.84,
432.660603523,144.019846121,1651,1518157092.87,
432.660603523,144.019846121,1651,1518157092.9,
432.660603523,144.019846121,1651,1518157092.94,
432.660603523,144.019846121,1651,1518157092.98,
432.660603523,144.019846121,1651,1518157093.02,
432.660603523,144.019846121,1651,1518157093.04,
432.660603523,144.019846121,1651,1518157093.07,
432.660603523,144.019846121,1651,1518157093.11,
432.660603523,144.019846121,1651,1518157093.14,
432.660603523,144.019846121,1651,1518157093.17,
432.660603523,144.019846121,1651,1518157093.21,
432.660603523,144.019846121,1651,1518157093.25,
432.660603523,144.019846121,1651,1518157093.27,
432.660603523,144.019846121,1651,1518157093.37,
432.660603523,144.019846121,1651,1518157093.47,
432.660603523,144.019846121,1651,1518157093.57,
432.660603523,144.019846121,1651,1518157093.67,
432.660603523,144.019846121,1651,1518157093.77,
432.660603523,144.019846121,1651,1518157093.87,
432.660603523,144.019846121,1651,1518157093.97,
432.660603523,144.019846121,1651,1518157093.97,
432.660603523,144.019846121,1651,1518157094.07,
432.660603523,144.019846121,1651,1518157094.17,
432.660603523,144.019846121,1651,1518157094.27,
432.660603523,144.019846121,1651,1518157094.37,
432.660603523,144.019846121,1651,1518157094.47,
432.660603523,144.019846121,1651,1518157094.58,
432.660603523,144.019846121,1651,1518157094.65,
432.660603523,144.019846121,1651,1518157094.75,
432.660603523,144.019846121,1651,1518157094.85,
432.660603523,144.019846121,1651,1518157094.95,
432.660603523,144.019846121,1651,1518157095.05,
432.660603523,144.019846121,1651,1518157095.15,
432.660603523,144.019846121,1651,1518157095.18,
432.660603523,144.019846121,1651,1518157095.28,
432.660603523,144.019846121,1651,1518157095.38,
432.660603523,144.019846121,1651,1518157095.48,
432.660603523,144.019846121,1651,1518157095.58,
432.660603523,144.019846121,1651,1518157095.68,
432.660603523,144.019846121,1651,1518157095.78,
432.660603523,144.019846121,1651,1518157095.88,
432.660603523,144.019846121,1651,1518157095.98,
432.660603523,144.019846121,1651,1518157096.08,
432.660603523,144.019846121,1651,1518157096.18,
432.660603523,144.019846121,1651,1518157096.28,
432.660603523,144.019846121,1651,1518157096.38,
432.660603523,144.019846121,1651,1518157096.48,
432.660603523,144.019846121,1651,1518157096.58,
432.660603523,144.019846121,1651,1518157096.68,
432.660603523,144.019846121,1651,1518157096.78,
432.660603523,144.019846121,1651,1518157096.88,
432.660603523,144.019846121,1651,1518157096.98,
432.660603523,144.019846121,1651,1518157097.08,
432.660603523,144.019846121,1651,1518157097.19,
432.660603523,144.019846121,1651,1518157097.29,
432.660603523,144.019846121,1651,1518157097.39,
432.660603523,144.019846121,1651,1518157097.49,
432.660603523,144.019846121,1651,1518157097.59,
432.660603523,144.019846121,1651,1518157097