431.560695171,143.853565057,1651,1518149804.33,
431.35625124,143.853565057,1651,1518149804.56,
431.35625124,143.853565057,1651,1518149804.66,
431.35625124,143.853565057,1651,1518149804.76,
431.35625124,143.853565057,1651,1518149804.86,
431.35625124,143.853565057,1651,1518149804.96,
431.35625124,143.853565057,1651,1518149805.06,
431.462562084,143.853565057,1651,1518149805.29,
431.462562084,143.853565057,1651,1518149805.39,
431.462562084,143.853565057,1651,1518149805.49,
431.491184235,143.853565057,1651,1518149805.71,
431.491184235,143.853565057,1651,1518149805.81,
431.491184235,143.853565057,1651,1518149805.92,
431.667006016,143.853565057,1651,1518149806.14,
431.855094433,143.853565057,1651,1518149806.37,
431.855094433,143.853565057,1651,1518149806.47,
431.855094433,143.853565057,1651,1518149806.57,
431.855094433,143.853565057,1651,1518149806.67,
431.855094433,143.853565057,1651,1518149806.77,
431.908249855,143.853565057,1651,1518149807.0,
431.908249855,143.853565057,1651,1518149807.1,
431.908249855,143.853565057,1651,1518149807.2,
432.04318285,143.853565057,1651,1518149807.42,
432.194471359,143.853565057,1651,1518149807.65,
432.194471359,143.853565057,1651,1518149807.75,
432.194471359,143.853565057,1651,1518149807.85,
432.194471359,143.853565057,1651,1518149807.95,
432.075893879,143.853565057,1651,1518149808.18,
432.075893879,143.853565057,1651,1518149808.28,
432.075893879,143.853565057,1651,1518149808.38,
432.075893879,143.853565057,1651,1518149808.48,
432.075893879,143.853565057,1651,1518149808.58,
432.075893879,143.853565057,1651,1518149808.68,
432.112693787,143.853565057,1651,1518149808.91,
432.124960423,143.853565057,1651,1518149809.14,
432.124960423,143.853565057,1651,1518149809.24,
432.124960423,143.853565057,1651,1518149809.34,
432.124960423,143.853565057,1651,1518149809.44,
432.124960423,143.853565057,1651,1518149809.54,
432.198560238,143.853565057,1651,1518149809.77,
432.73011446,143.853565057,1651,1518149809.99,
432.403004169,143.853565057,1651,1518149810.22,
432.713758945,143.853565057,1651,1518149810.44,
432.419359684,143.853565057,1651,1518149810.67,
432.419359684,143.853565057,1651,1518149810.77,
432.623803616,143.853565057,1651,1518149811.0,
432.644248009,143.853565057,1651,1518149811.22,
432.644248009,143.853565057,1651,1518149811.33,
432.644248009,143.853565057,1651,1518149811.43,
432.591092587,143.853565057,1651,1518149811.65,
432.300782204,143.853565057,1651,1518149811.88,
432.832336426,143.853565057,1651,1518149812.11,
432.537937164,143.853565057,1651,1518149812.33,
432.537937164,143.853565057,1651,1518149812.43,
432.709670067,143.853565057,1651,1518149812.66,
432.435715199,143.853565057,1651,1518149812.88,
432.488870621,143.853565057,1651,1518149813.11,
433.057224751,143.853565057,1651,1518149813.34,
432.488870621,143.853565057,1651,1518149813.56,
432.488870621,143.853565057,1651,1518149813.66,
432.488870621,143.853565057,1651,1518149813.77,
432.505226135,143.853565057,1651,1518149813.99,
432.505226135,143.853565057,1651,1518149814.09,
432.591092587,143.853565057,1651,1518149814.32,
433.020424843,143.853565057,1651,1518149814.55,
433.020424843,143.853565057,1651,1518149814.65,
433.020424843,143.853565057,1651,1518149814.75,
433.020424843,143.853565057,1651,1518149814.85,
432.591092587,143.853565057,1651,1518149815.07,
432.591092587,143.853565057,1651,1518149815.17,
432.591092587,143.853565057,1651,1518149815.28,
432.52158165,143.853565057,1651,1518149815.5,
432.623803616,143.853565057,1651,1518149815.73,
432.623803616,143.853565057,1651,1518149815.83,
432.623803616,143.853565057,1651,1518149815.93,
432.623803616,143.853565057,1651,1518149816.03,
432.623803616,143.853565057,1651,1518149816.13,
432.623803616,143.853565057,1651,1518149816.23,
432.623803616,143.853565057,1651,1518149816.33,
433.08993578,143.853565057,1651,1518149816.56,
433.08993578,143.853565057,1651,1518149816.66,
433.08993578,143.853565057,1651,1518149816.76,
433.08993578,143.853565057,1651,1518149816.86,
433.08993578,143.853565057,1651,1518149816.96,
433.08993578,143.853565057,1651,1518149817.06,
433.08993578,143.853565057,1651,1518149817.17,
433.08993578,143.853565057,1651,1518149817.27,
433.08993578,143.853565057,1651,1518149817.37,
433.08993578,143.853565057,1651,1518149817.47,
432.537937164,143.853565057,1651,1518149817.69,
432.623803616,143.853565057,1651,1518149817.92,
432.709670067,143.853565057,1651,1518149818.15,
432.676959038,143.853565057,1651,1518149818.37,
432.676959038,143.853565057,1651,1518149818.47,
432.676959038,143.853565057,1651,1518149818.57,
432.676959038,143.853565057,1651,1518149818.68,
432.676959038,143.853565057,1651,1518149818.78,
432.676959038,143.853565057,1651,1518149818.88,
432.795536518,143.853565057,1651,1518149819.1,
432.795536518,143.853565057,1651,1518149819.2,
432.795536518,143.853565057,1651,1518149819.31,
432.795536518,143.853565057,1651,1518149819.41,
432.693314552,143.853565057,1651,1518149819.63,
433.314824104,143.853565057,1651,1518149819.86,
432.779181004,143.853565057,1651,1518149820.09,
432.779181004,143.853565057,1651,1518149820.19,
433.331179619,143.853565057,1651,1518149820.41,
433.331179619,143.853565057,1651,1518149820.51,
433.331179619,143.853565057,1651,1518149820.61,
432.795536518,143.853565057,1651,1518149820.84,
432.762825489,143.853565057,1651,1518149821.07,
433.278024197,143.853565057,1651,1518149821.29,
433.278024197,143.853565057,1651,1518149821.39,
433.278024197,143.853565057,1651,1518149821.49,
433.278024197,143.853565057,1651,1518149821.6,
433.278024197,143.853565057,1651,1518149821.7,
432.713758945,143.853565057,1651,1518149821.92,
432.713758945,143.853565057,1651,1518149822.03,
432.713758945,143.853565057,1651,1518149822.13,
432.713758945,143.853565057,1651,1518149822.23,
432.713758945,143.853565057,1651,1518149822.33,
432.713758945,143.853565057,1651,1518149822.43,
432.713758945,143.853565057,1651,1518149822.53,
432.713758945,143.853565057,1651,1518149822.63,
432.713758945,143.853565057,1651,1518149822.73,
432.713758945,143.853565057,1651,1518149822.83,
432.713758945,143.853565057,1651,1518149822.93,
433.41704607,143.853565057,1651,1518149823.16,
432.73011446,143.853565057,1651,1518149823.38,
433.519268036,143.853565057,1651,1518149823.61,
433.519268036,143.853565057,1651,1518149823.71,
433.519268036,143.853565057,1651,1518149823.81,
433.551979065,143.853565057,1651,1518149824.04,
433.519268036,143.853565057,1651,1518149824.26,
433.020424843,143.853565057,1651,1518149824.49,
433.020424843,143.853565057,1651,1518149824.59,
433.143091202,143.853565057,1651,1518149824.82,
433.106291294,143.853565057,1651,1518149825.04,
432.901847363,143.853565057,1651,1518149825.27,
432.901847363,143.853565057,1651,1518149825.37,
432.885491848,143.853565057,1651,1518149825.6,
432.885491848,143.853565057,1651,1518149825.7,
432.885491848,143.853565057,1651,1518149825.8,
433.723711967,143.853565057,1651,1518149826.02,
433.122646809,143.853565057,1651,1518149826.25,
433.245313168,143.853565057,1651,1518149826.48,
433.245313168,143.853565057,1651,1518149826.58,
433.637845516,143.853565057,1651,1518149826.8,
433.637845516,143.853565057,1651,1518149826.9,
433.159446716,143.853565057,1651,1518149827.13,
433.637845516,143.853565057,1651,1518149827.36,
433.139002323,143.853565057,1651,1518149827.58,
433.139002323,143.853565057,1651,1518149827.68,
433.139002323,143.853565057,1651,1518149827.78,
432.983624935,143.853565057,1651,1518149828.01,
433.278024197,143.853565057,1651,1518149828.24,
433.278024197,143.853565057,1651,1518149828.34,
433.278024197,143.853565057,1651,1518149828.44,
433.584690094,143.853565057,1651,1518149828.66,
433.584690094,143.853565057,1651,1518149828.76,
433.584690094,143.853565057,1651,1518149828.86,
433.584690094,143.853565057,1651,1518149828.97,
433.584690094,143.853565057,1651,1518149829.07,
433.584690094,143.853565057,1651,1518149829.17,
433.584690094,143.853565057,1651,1518149829.27,
433.584690094,143.853565057,1651,1518149829.37,
433.380246162,143.853565057,1651,1518149829.59,
433.380246162,143.853565057,1651,1518149829.7,
432.950913906,143.853565057,1651,1518149829.92,
432.918202877,143.853565057,1651,1518149830.15,
432.918202877,143.853565057,1651,1518149830.25,
432.918202877,143.853565057,1651,1518149830.35,
433.568334579,143.853565057,1651,1518149830.58,
433.691000938,143.853565057,1651,1518149830.8,
433.691000938,143.853565057,1651,1518149830.9,
433.691000938,143.853565057,1651,1518149831.0,
433.691000938,143.853565057,1651,1518149831.1,
433.691000938,143.853565057,1651,1518149831.2,
433.691000938,143.853565057,1651,1518149831.3,
433.691000938,143.853565057,1651,1518149831.41,
433.175802231,143.853565057,1651,1518149831.63,
433.740067482,143.853565057,1651,1518149831.86,
433.740067482,143.853565057,1651,1518149831.96,
433.740067482,143.853565057,1651,1518149832.06,
433.294379711,143.853565057,1651,1518149832.29,
433.294379711,143.853565057,1651,1518149832.39,
433.278024197,143.853565057,1651,1518149832.61,
433.278024197,143.853565057,1651,1518149832.71,
433.278024197,143.853565057,1651,1518149832.81,
433.278024197,143.853565057,1651,1518149832.91,
433.482468128,143.853565057,1651,1518149833.14,
433.846378326,143.853565057,1651,1518149833.37,
433.347535133,143.853565057,1651,1518149833.59,
433.347535133,143.853565057,1651,1518149833.69,
433.310735226,143.853565057,1651,1518149833.92,
433.310735226,143.853565057,1651,1518149834.02,
433.412957191,143.853565057,1651,1518149834.25,
433.412957191,143.853565057,1651,1518149834.35,
433.310735226,143.853565057,1651,1518149834.57,
433.449757099,143.853565057,1651,1518149834.8,
433.449757099,143.853565057,1651,1518149834.9,
433.449757099,143.853565057,1651,1518149835.0,
433.449757099,143.853565057,1651,1518149835.1,
433.294379711,143.853565057,1651,1518149835.33,
433.294379711,143.853565057,1651,1518149835.43,
433.294379711,143.853565057,1651,1518149835.53,
433.294379711,143.853565057,1651,1518149835.63,
433.294379711,143.853565057,1651,1518149835.73,
433.294379711,143.853565057,1651,1518149835.83,
433.294379711,143.853565057,1651,1518149835.93,
433.224868774,143.853565057,1651,1518149836.16,
433.519268036,143.853565057,1651,1518149836.39,
433.482468128,143.853565057,1651,1518149836.61,
433.944511414,143.853565057,1651,1518149836.84,
433.944511414,143.853565057,1651,1518149836.94,
433.944511414,143.853565057,1651,1518149837.04,
433.944511414,143.853565057,1651,1518149837.14,
433.944511414,143.853565057,1651,1518149837.24,
433.944511414,143.853565057,1651,1518149837.34,
433.944511414,143.853565057,1651,1518149837.44,
433.858644962,143.853565057,1651,1518149837.67,
433.502912521,143.853565057,1651,1518149837.89,
433.396601677,143.853565057,1651,1518149838.12,
433.396601677,143.853565057,1651,1518149838.22,
433.396601677,143.853565057,1651,1518149838.32,
433.637845516,143.853565057,1651,1518149838.55,
433.637845516,143.853565057,1651,1518149838.65,
433.793222904,143.853565057,1651,1518149838.88,
433.519268036,143.853565057,1651,1518149839.1,
434.01402235,143.853565057,1651,1518149839.33,
433.997666836,143.853565057,1651,1518149839.55,
433.997666836,143.853565057,1651,1518149839.66,
433.997666836,143.853565057,1651,1518149839.76,
433.948600292,143.853565057,1651,1518149839.98,
433.948600292,143.853565057,1651,1518149840.08,
433.948600292,143.853565057,1651,1518149840.18,
433.948600292,143.853565057,1651,1518149840.28,
433.948600292,143.853565057,1651,1518149840.39,
433.363890648,143.853565057,1651,1518149840.61,
433.363890648,143.853565057,1651,1518149840.71,
433.363890648,143.853565057,1651,1518149840.81,
433.363890648,143.853565057,1651,1518149840.91,
433.363890648,143.853565057,1651,1518149841.01,
433.363890648,143.853565057,1651,1518149841.11,
434.063088894,143.853565057,1651,1518149841.34,
434.063088894,143.853565057,1651,1518149841.44,
434.063088894,143.853565057,1651,1518149841.54,
434.063088894,143.853565057,1651,1518149841.64,
434.063088894,143.853565057,1651,1518149841.74,
433.674645424,143.853565057,1651,1518149841.97,
434.099888802,143.853565057,1651,1518149842.2,
434.099888802,143.853565057,1651,1518149842.3,
434.099888802,143.853565057,1651,1518149842.4,
434.099888802,143.853565057,1651,1518149842.5,
434.099888802,143.853565057,1651,1518149842.6,
433.466112614,143.853565057,1651,1518149842.83,
433.466112614,143.853565057,1651,1518149842.93,
434.153044224,143.853565057,1651,1518149843.15,
434.153044224,143.853565057,1651,1518149843.25,
434.153044224,143.853565057,1651,1518149843.35,
433.740067482,143.853565057,1651,1518149843.58,
433.740067482,143.853565057,1651,1518149843.68,
433.740067482,143.853565057,1651,1518149843.78,
433.825933933,143.853565057,1651,1518149844.01,
433.825933933,143.853565057,1651,1518149844.11,
434.206199646,143.853565057,1651,1518149844.33,
433.809578419,143.853565057,1651,1518149844.56,
433.68691206,143.853565057,1651,1518149844.79,
433.68691206,143.853565057,1651,1518149844.89,
433.53562355,143.853565057,1651,1518149845.11,
433.572423458,143.853565057,1651,1518149845.34,
434.341132641,143.853565057,1651,1518149845.57,
434.341132641,143.853565057,1651,1518149845.67,
434.341132641,143.853565057,1651,1518149845.77,
434.341132641,143.853565057,1651,1518149845.87,
434.341132641,143.853565057,1651,1518149845.97,
433.932244778,143.853565057,1651,1518149846.2,
433.932244778,143.853565057,1651,1518149846.3,
433.932244778,143.853565057,1651,1518149846.52,
433.911800385,143.853565057,1651,1518149846.75,
433.981311321,143.853565057,1651,1518149846.98,
433.981311321,143.853565057,1651,1518149847.08,
433.981311321,143.853565057,1651,1518149847.18,
433.981311321,143.853565057,1651,1518149847.28,
433.617401123,143.853565057,1651,1518149847.5,
434.390199184,143.853565057,1651,1518149847.73,
434.390199184,143.853565057,1651,1518149847.83,
434.390199184,143.853565057,1651,1518149847.93,
434.153044224,143.853565057,1651,1518149848.16,
433.932244778,143.853565057,1651,1518149848.38,
434.067177773,143.853565057,1651,1518149848.61,
434.067177773,143.853565057,1651,1518149848.71,
434.067177773,143.853565057,1651,1518149848.81,
434.067177773,143.853565057,1651,1518149848.91,
434.067177773,143.853565057,1651,1518149849.01,
434.067177773,143.853565057,1651,1518149849.11,
434.067177773,143.853565057,1651,1518149849.21,
434.067177773,143.853565057,1651,1518149849.31,
433.756422997,143.853565057,1651,1518149849.54,
433.756422997,143.853565057,1651,1518149849.77,
434.030377865,143.853565057,1651,1518149849.99,
434.083533287,143.853565057,1651,1518149850.22,
434.083533287,143.853565057,1651,1518149850.32,
434.083533287,143.853565057,1651,1518149850.42,
434.083533287,143.853565057,1651,1518149850.52,
434.083533287,143.853565057,1651,1518149850.62,
434.083533287,143.853565057,1651,1518149850.72,
433.977222443,143.853565057,1651,1518149850.95,
434.463799,143.853565057,1651,1518149851.18,
434.148955345,143.853565057,1651,1518149851.4,
434.120333195,143.853565057,1651,1518149851.63,
434.120333195,143.853565057,1651,1518149851.73,
434.120333195,143.853565057,1651,1518149851.83,
434.120333195,143.853565057,1651,1518149851.93,
434.120333195,143.853565057,1651,1518149852.03,
434.120333195,143.853565057,1651,1518149852.13,
434.120333195,143.853565057,1651,1518149852.23,
434.120333195,143.853565057,1651,1518149852.33,
434.668242931,143.853565057,1651,1518149852.56,
434.426999092,143.853565057,1651,1518149852.79,
434.426999092,143.853565057,1651,1518149852.89,
434.496510029,143.853565057,1651,1518149853.11,
434.496510029,143.853565057,1651,1518149853.21,
434.496510029,143.853565057,1651,1518149853.31,
434.70095396,143.853565057,1651,1518149853.54,
434.70095396,143.853565057,1651,1518149853.64,
434.70095396,143.853565057,1651,1518149853.74,
434.70095396,143.853565057,1651,1518149853.84,
434.116244316,143.853565057,1651,1518149854.07,
434.750020504,143.853565057,1651,1518149854.3,
434.067177773,143.853565057,1651,1518149854.52,
434.067177773,143.853565057,1651,1518149854.62,
434.750020504,143.853565057,1651,1518149854.85,
434.750020504,143.853565057,1651,1518149854.95,
434.721398354,143.853565057,1651,1518149855.18,
434.189844131,143.853565057,1651,1518149855.4,
434.750020504,143.853565057,1651,1518149855.63,
434.750020504,143.853565057,1651,1518149855.73,
434.770464897,143.853565057,1651,1518149855.96,
434.770464897,143.853565057,1651,1518149856.09,
434.737753868,143.853565057,1651,1518149856.31,
434.737753868,143.853565057,1651,1518149856.41,
434.737753868,143.853565057,1651,1518149856.51,
434.737753868,143.853565057,1651,1518149856.61,
434.737753868,143.853565057,1651,1518149856.71,
434.737753868,143.853565057,1651,1518149856.82,
434.856331348,143.853565057,1651,1518149857.04,
434.287977219,143.853565057,1651,1518149857.27,
434.287977219,143.853565057,1651,1518149857.37,
434.287977219,143.853565057,1651,1518149857.47,
434.287977219,143.853565057,1651,1518149857.57,
